<?xml version="1.0" encoding="UTF-8"?>
<!-- Generated by org.testng.reporters.JUnitReportReporter -->
<testsuite hostname="DESKTOP-Q0T10D1" name="testcases.Loginpage" tests="1" failures="0" timestamp="15 Jan 2021 09:32:21 GMT" time="15.662" errors="0">
  <testcase name="emailid" time="15.662" classname="testcases.Loginpage"/>
</testsuite> <!-- testcases.Loginpage -->
