<?xml version="1.0" encoding="UTF-8"?>
<!-- Generated by org.testng.reporters.JUnitReportReporter -->
<testsuite hostname="DESKTOP-Q0T10D1" name="loginwithoutfindby.login" tests="1" failures="0" timestamp="15 Jan 2021 10:33:30 GMT" time="13.686" errors="0">
  <testcase name="logintest" time="13.686" classname="loginwithoutfindby.login"/>
</testsuite> <!-- loginwithoutfindby.login -->
