<?xml version="1.0" encoding="UTF-8"?>
<!-- Generated by org.testng.reporters.JUnitReportReporter -->
<testsuite hostname="DESKTOP-Q0T10D1" name="testcases.Setup" tests="1" failures="0" timestamp="15 Jan 2021 10:02:31 GMT" time="16.130" errors="0">
  <testcase name="setupmenu" time="16.130" classname="testcases.Setup"/>
</testsuite> <!-- testcases.Setup -->
